d:\repoold\repo\33f1f400-gr12-repo\project\game\game\x64\debug\vc142.pdb
d:\repoold\repo\33f1f400-gr12-repo\project\game\game\x64\debug\vc142.idb
d:\repoold\repo\33f1f400-gr12-repo\project\game\game\x64\debug\texturemanager.obj
d:\repoold\repo\33f1f400-gr12-repo\project\game\game\x64\debug\state.obj
d:\repoold\repo\33f1f400-gr12-repo\project\game\game\x64\debug\panda.obj
d:\repoold\repo\33f1f400-gr12-repo\project\game\game\x64\debug\optionsstate.obj
d:\repoold\repo\33f1f400-gr12-repo\project\game\game\x64\debug\mainmenustate.obj
d:\repoold\repo\33f1f400-gr12-repo\project\game\game\x64\debug\main.obj
d:\repoold\repo\33f1f400-gr12-repo\project\game\game\x64\debug\leaderboardstate.obj
d:\repoold\repo\33f1f400-gr12-repo\project\game\game\x64\debug\howtoplaystate.obj
d:\repoold\repo\33f1f400-gr12-repo\project\game\game\x64\debug\gamestate.obj
d:\repoold\repo\33f1f400-gr12-repo\project\game\game\x64\debug\gameoverstate.obj
d:\repoold\repo\33f1f400-gr12-repo\project\game\game\x64\debug\game.obj
d:\repoold\repo\33f1f400-gr12-repo\project\game\game\x64\debug\filemissingexception.obj
d:\repoold\repo\33f1f400-gr12-repo\project\game\game\x64\debug\button.obj
d:\repoold\repo\33f1f400-gr12-repo\project\game\game\x64\debug\bar.obj
d:\repoold\repo\33f1f400-gr12-repo\project\game\game\x64\debug\animationcomponent.obj
d:\repoold\repo\33f1f400-gr12-repo\project\game\x64\debug\game.pdb
d:\repoold\repo\33f1f400-gr12-repo\project\game\game\x64\debug\game.tlog\cl.command.1.tlog
d:\repoold\repo\33f1f400-gr12-repo\project\game\game\x64\debug\game.tlog\cl.read.1.tlog
d:\repoold\repo\33f1f400-gr12-repo\project\game\game\x64\debug\game.tlog\cl.write.1.tlog
d:\repoold\repo\33f1f400-gr12-repo\project\game\game\x64\debug\game.tlog\link-cvtres.read.1.tlog
d:\repoold\repo\33f1f400-gr12-repo\project\game\game\x64\debug\game.tlog\link-cvtres.write.1.tlog
d:\repoold\repo\33f1f400-gr12-repo\project\game\game\x64\debug\game.tlog\link-rc.read.1.tlog
d:\repoold\repo\33f1f400-gr12-repo\project\game\game\x64\debug\game.tlog\link-rc.write.1.tlog
d:\repoold\repo\33f1f400-gr12-repo\project\game\game\x64\debug\game.tlog\link.command.1.tlog
d:\repoold\repo\33f1f400-gr12-repo\project\game\game\x64\debug\game.tlog\link.read.1.tlog
d:\repoold\repo\33f1f400-gr12-repo\project\game\game\x64\debug\game.tlog\link.write.1.tlog
