d:\repoold\repo\33f1f400-gr12-repo\project\game\game\release\vc142.pdb
d:\repoold\repo\33f1f400-gr12-repo\project\game\game\release\texturemanager.obj
d:\repoold\repo\33f1f400-gr12-repo\project\game\game\release\state.obj
d:\repoold\repo\33f1f400-gr12-repo\project\game\game\release\panda.obj
d:\repoold\repo\33f1f400-gr12-repo\project\game\game\release\optionsstate.obj
d:\repoold\repo\33f1f400-gr12-repo\project\game\game\release\mainmenustate.obj
d:\repoold\repo\33f1f400-gr12-repo\project\game\game\release\main.obj
d:\repoold\repo\33f1f400-gr12-repo\project\game\game\release\leaderboardstate.obj
d:\repoold\repo\33f1f400-gr12-repo\project\game\game\release\howtoplaystate.obj
d:\repoold\repo\33f1f400-gr12-repo\project\game\game\release\gamestate.obj
d:\repoold\repo\33f1f400-gr12-repo\project\game\game\release\gameoverstate.obj
d:\repoold\repo\33f1f400-gr12-repo\project\game\game\release\game.obj
d:\repoold\repo\33f1f400-gr12-repo\project\game\game\release\filemissingexception.obj
d:\repoold\repo\33f1f400-gr12-repo\project\game\game\release\button.obj
d:\repoold\repo\33f1f400-gr12-repo\project\game\game\release\bar.obj
d:\repoold\repo\33f1f400-gr12-repo\project\game\game\release\animationcomponent.obj
d:\repoold\repo\33f1f400-gr12-repo\project\game\game\release\game.tlog\cl.command.1.tlog
d:\repoold\repo\33f1f400-gr12-repo\project\game\game\release\game.tlog\cl.read.1.tlog
d:\repoold\repo\33f1f400-gr12-repo\project\game\game\release\game.tlog\cl.write.1.tlog
d:\repoold\repo\33f1f400-gr12-repo\project\game\game\release\game.tlog\link.command.1.tlog
d:\repoold\repo\33f1f400-gr12-repo\project\game\game\release\game.tlog\link.read.1.tlog
d:\repoold\repo\33f1f400-gr12-repo\project\game\game\release\game.tlog\link.write.1.tlog
